TN:
SF:src/database.js
FNF:0
FNH:0
DA:3,1
DA:5,1
DA:13,1
LF:3
LH:3
BRF:0
BRH:0
end_of_record
TN:
SF:src/repositories/songsRepository.js
FN:3,createSong
FN:10,findSong
FN:18,findRandomSong
FN:38,updateSongScore
FN:45,deleteSong
FN:49,listTopSongs
FNF:6
FNH:0
FNDA:0,createSong
FNDA:0,findSong
FNDA:0,findRandomSong
FNDA:0,updateSongScore
FNDA:0,deleteSong
FNDA:0,listTopSongs
DA:4,0
DA:11,0
DA:15,0
DA:19,0
DA:23,0
DA:27,0
DA:31,0
DA:39,0
DA:46,0
DA:50,0
DA:51,0
DA:52,0
DA:53,0
DA:54,0
DA:56,0
DA:57,0
LF:16
LH:0
BRDA:51,0,0,0
BRDA:51,0,1,0
BRF:2
BRH:0
end_of_record
TN:
SF:src/services/songsService.js
FN:3,voteSong
FN:17,listRandomSong
FNF:2
FNH:2
FNDA:3,voteSong
FNDA:4,listRandomSong
DA:4,3
DA:6,3
DA:7,1
DA:9,2
DA:10,1
DA:12,1
DA:18,4
DA:20,4
DA:21,2
DA:24,2
DA:25,2
DA:26,1
DA:28,1
LF:13
LH:13
BRDA:6,0,0,1
BRDA:6,0,1,2
BRDA:9,1,0,1
BRDA:9,1,1,1
BRDA:20,2,0,2
BRDA:20,2,1,2
BRDA:20,3,0,4
BRDA:20,3,1,3
BRDA:25,4,0,1
BRDA:25,4,1,1
BRF:10
BRH:10
end_of_record
